2023-05-29 20:06:37 客户端（10.0.2.15）已连接。
2023-05-29 20:06:37 接收：这是第1个超级女生，编号001。
2023-05-29 20:06:37 发送：ok
2023-05-29 20:06:38 接收：这是第2个超级女生，编号002。
2023-05-29 20:06:38 发送：ok
2023-05-29 20:06:39 接收：这是第3个超级女生，编号003。
2023-05-29 20:06:39 发送：ok
2023-05-29 20:06:40 接收：这是第4个超级女生，编号004。
2023-05-29 20:06:40 发送：ok
2023-05-29 20:06:41 接收：这是第5个超级女生，编号005。
2023-05-29 20:06:41 发送：ok
2023-05-29 20:06:42 接收：这是第6个超级女生，编号006。
2023-05-29 20:06:42 发送：ok
2023-05-29 20:06:43 接收：这是第7个超级女生，编号007。
2023-05-29 20:06:43 发送：ok
2023-05-29 20:06:44 接收：这是第8个超级女生，编号008。
2023-05-29 20:06:44 发送：ok
2023-05-29 20:06:45 接收：这是第9个超级女生，编号009。
2023-05-29 20:06:45 发送：ok
2023-05-29 20:06:46 接收：这是第10个超级女生，编号010。
2023-05-29 20:06:46 发送：ok
2023-05-29 20:06:47 接收：这是第11个超级女生，编号011。
2023-05-29 20:06:47 发送：ok
2023-05-29 20:06:48 接收：这是第12个超级女生，编号012。
2023-05-29 20:06:48 发送：ok
2023-05-29 20:06:49 接收：这是第13个超级女生，编号013。
2023-05-29 20:06:49 发送：ok
2023-05-29 20:06:50 接收：这是第14个超级女生，编号014。
2023-05-29 20:06:50 发送：ok
2023-05-29 20:06:51 接收：这是第15个超级女生，编号015。
2023-05-29 20:06:51 发送：ok
2023-05-29 20:06:52 接收：这是第16个超级女生，编号016。
2023-05-29 20:06:52 发送：ok
2023-05-29 20:06:53 接收：这是第17个超级女生，编号017。
2023-05-29 20:06:53 发送：ok
2023-05-29 20:06:54 接收：这是第18个超级女生，编号018。
2023-05-29 20:06:54 发送：ok
2023-05-29 20:06:55 接收：这是第19个超级女生，编号019。
2023-05-29 20:06:55 发送：ok
2023-05-29 20:06:56 接收：这是第20个超级女生，编号020。
2023-05-29 20:06:56 发送：ok
2023-05-29 20:06:57 接收：这是第21个超级女生，编号021。
2023-05-29 20:06:57 发送：ok
2023-05-29 20:06:58 接收：这是第22个超级女生，编号022。
2023-05-29 20:06:58 发送：ok
2023-05-29 20:06:59 接收：这是第23个超级女生，编号023。
2023-05-29 20:06:59 发送：ok
2023-05-29 20:07:00 接收：这是第24个超级女生，编号024。
2023-05-29 20:07:00 发送：ok
2023-05-29 20:07:01 接收：这是第25个超级女生，编号025。
2023-05-29 20:07:01 发送：ok
2023-05-29 20:07:02 接收：这是第26个超级女生，编号026。
2023-05-29 20:07:02 发送：ok
2023-05-29 20:07:03 接收：这是第27个超级女生，编号027。
2023-05-29 20:07:03 发送：ok
2023-05-29 20:07:04 接收：这是第28个超级女生，编号028。
2023-05-29 20:07:04 发送：ok
2023-05-29 20:07:05 接收：这是第29个超级女生，编号029。
2023-05-29 20:07:05 发送：ok
2023-05-29 20:07:06 接收：这是第30个超级女生，编号030。
2023-05-29 20:07:06 发送：ok
2023-05-29 20:07:07 接收：这是第31个超级女生，编号031。
2023-05-29 20:07:07 发送：ok
2023-05-29 20:07:08 接收：这是第32个超级女生，编号032。
2023-05-29 20:07:08 发送：ok
2023-05-29 20:07:09 接收：这是第33个超级女生，编号033。
2023-05-29 20:07:09 发送：ok
2023-05-29 20:07:10 接收：这是第34个超级女生，编号034。
2023-05-29 20:07:10 发送：ok
2023-05-29 20:07:11 接收：这是第35个超级女生，编号035。
2023-05-29 20:07:11 发送：ok
2023-05-29 20:07:12 接收：这是第36个超级女生，编号036。
2023-05-29 20:07:12 发送：ok
2023-05-29 20:07:13 接收：这是第37个超级女生，编号037。
2023-05-29 20:07:13 发送：ok
2023-05-29 20:07:14 接收：这是第38个超级女生，编号038。
2023-05-29 20:07:14 发送：ok
2023-05-29 20:07:15 接收：这是第39个超级女生，编号039。
2023-05-29 20:07:15 发送：ok
2023-05-29 20:07:16 接收：这是第40个超级女生，编号040。
2023-05-29 20:07:16 发送：ok
2023-05-29 20:07:17 接收：这是第41个超级女生，编号041。
2023-05-29 20:07:17 发送：ok
2023-05-29 20:07:18 接收：这是第42个超级女生，编号042。
2023-05-29 20:07:18 发送：ok
2023-05-29 20:07:19 接收：这是第43个超级女生，编号043。
2023-05-29 20:07:19 发送：ok
2023-05-29 20:07:20 接收：这是第44个超级女生，编号044。
2023-05-29 20:07:20 发送：ok
2023-05-29 20:07:21 接收：这是第45个超级女生，编号045。
2023-05-29 20:07:21 发送：ok
2023-05-29 20:07:22 接收：这是第46个超级女生，编号046。
2023-05-29 20:07:22 发送：ok
2023-05-29 20:07:23 接收：这是第47个超级女生，编号047。
2023-05-29 20:07:23 发送：ok
2023-05-29 20:07:24 接收：这是第48个超级女生，编号048。
2023-05-29 20:07:24 发送：ok
2023-05-29 20:07:25 接收：这是第49个超级女生，编号049。
2023-05-29 20:07:25 发送：ok
2023-05-29 20:07:25 子进程退出，sig=0。
2023-05-29 22:15:45 父进程退出，sig=2。
2023-05-29 22:46:54 父进程退出，sig=2。
2023-05-29 22:47:35 客户端（10.0.2.15）已连接。
2023-05-29 22:47:35 接收：<srvcode>1</srvcode><tel>1392220000</tel><password>123456</password>
2023-05-29 22:47:35 发送：<retcode>0</retcode><message>成功。</message>
2023-05-29 22:47:35 接收：<srvcode>2</srvcode><cardid>62620000000001</cardid>
2023-05-29 22:47:35 发送：<retcode>0</retcode><message>成功。</message><ye>100.58</ye>
2023-05-29 22:47:35 子进程退出，sig=0。
2023-05-29 22:49:48 父进程退出，sig=2。
