2023-05-31 01:49:56 crtsurfdata start running... 
2023-05-31 01:49:56 Successfully created data file /home/cis623-vm/root/tmp/idc/surfdata/SURF_ZH_20230531014956_58612.xml, data time 20230531014956, record count 839.
2023-05-31 01:49:56 Successfully created data file /home/cis623-vm/root/tmp/idc/surfdata/SURF_ZH_20230531014956_58612.json, data time 20230531014956, record count 839.
2023-05-31 01:49:56 Successfully created data file /home/cis623-vm/root/tmp/idc/surfdata/SURF_ZH_20230531014956_58612.csv, data time 20230531014956, record count 839.
2023-05-31 01:49:56 crtsurfdata end...
2023-05-31 01:51:58 crtsurfdata start running... 
2023-05-31 01:51:58 Successfully created data file /home/cis623-vm/root/tmp/idc/surfdata/SURF_ZH_20230531015158_58776.xml, data time 20230531015158, record count 839.
2023-05-31 01:51:58 Successfully created data file /home/cis623-vm/root/tmp/idc/surfdata/SURF_ZH_20230531015158_58776.json, data time 20230531015158, record count 839.
2023-05-31 01:51:58 Successfully created data file /home/cis623-vm/root/tmp/idc/surfdata/SURF_ZH_20230531015158_58776.csv, data time 20230531015158, record count 839.
2023-05-31 01:51:58 crtsurfdata end...
2023-05-31 01:54:46 crtsurfdata start running... 
2023-05-31 01:54:46 Successfully created data file /home/cis623-vm/root/tmp/idc/surfdata/SURF_ZH_20230531015446_58937.xml, data time 20230531015446, record count 839.
2023-05-31 01:54:46 Successfully created data file /home/cis623-vm/root/tmp/idc/surfdata/SURF_ZH_20230531015446_58937.json, data time 20230531015446, record count 839.
2023-05-31 01:54:46 Successfully created data file /home/cis623-vm/root/tmp/idc/surfdata/SURF_ZH_20230531015446_58937.csv, data time 20230531015446, record count 839.
2023-05-31 01:54:46 crtsurfdata end...
2023-05-31 01:55:46 crtsurfdata start running... 
2023-05-31 01:55:46 Successfully created data file /home/cis623-vm/root/tmp/idc/surfdata/SURF_ZH_20230531015546_59090.xml, data time 20230531015546, record count 839.
2023-05-31 01:55:46 Successfully created data file /home/cis623-vm/root/tmp/idc/surfdata/SURF_ZH_20230531015546_59090.json, data time 20230531015546, record count 839.
2023-05-31 01:55:46 Successfully created data file /home/cis623-vm/root/tmp/idc/surfdata/SURF_ZH_20230531015546_59090.csv, data time 20230531015546, record count 839.
2023-05-31 01:55:46 crtsurfdata end...
2023-06-04 13:53:11 crtsurfdata start running... 
2023-06-04 13:53:11 Successfully created data file /home/cis623-vm/root/tmp/idc/surfdata/SURF_ZH_20230604135311_40141.xml, data time 20230604135311, record count 839.
2023-06-04 13:53:11 Successfully created data file /home/cis623-vm/root/tmp/idc/surfdata/SURF_ZH_20230604135311_40141.json, data time 20230604135311, record count 839.
2023-06-04 13:53:11 Successfully created data file /home/cis623-vm/root/tmp/idc/surfdata/SURF_ZH_20230604135311_40141.csv, data time 20230604135311, record count 839.
2023-06-04 13:53:11 crtsurfdata end...
2023-06-04 13:56:14 crtsurfdata start running... 
2023-06-04 13:56:14 Successfully created data file /home/cis623-vm/root/tmp/idc/surfdata/SURF_ZH_20230604135614_40419.xml, data time 20230604135614, record count 839.
2023-06-04 13:56:14 Successfully created data file /home/cis623-vm/root/tmp/idc/surfdata/SURF_ZH_20230604135614_40419.json, data time 20230604135614, record count 839.
2023-06-04 13:56:14 Successfully created data file /home/cis623-vm/root/tmp/idc/surfdata/SURF_ZH_20230604135614_40419.csv, data time 20230604135614, record count 839.
2023-06-04 13:56:14 crtsurfdata end...
2023-06-04 13:57:14 crtsurfdata start running... 
2023-06-04 13:57:14 Successfully created data file /home/cis623-vm/root/tmp/idc/surfdata/SURF_ZH_20230604135714_40578.xml, data time 20230604135714, record count 839.
2023-06-04 13:57:14 Successfully created data file /home/cis623-vm/root/tmp/idc/surfdata/SURF_ZH_20230604135714_40578.json, data time 20230604135714, record count 839.
2023-06-04 13:57:14 Successfully created data file /home/cis623-vm/root/tmp/idc/surfdata/SURF_ZH_20230604135714_40578.csv, data time 20230604135714, record count 839.
2023-06-04 13:57:14 crtsurfdata end...
